<?xml version="1.0" encoding="UTF-8" ?>
<testsuite failures="0" time="8.532" errors="0" skipped="0" tests="1" name="com.mitrais.research.springhibernate.bo.PatientBoTest">
  <properties>
    <property name="jboss.i18n.generate-proxies" value="true"/>
    <property name="java.runtime.name" value="Java(TM) SE Runtime Environment"/>
    <property name="sun.boot.library.path" value="C:\Program Files\Java\jdk1.7.0_51\jre\bin"/>
    <property name="java.vm.version" value="24.51-b03"/>
    <property name="java.vm.vendor" value="Oracle Corporation"/>
    <property name="java.vendor.url" value="http://java.oracle.com/"/>
    <property name="path.separator" value=";"/>
    <property name="java.vm.name" value="Java HotSpot(TM) 64-Bit Server VM"/>
    <property name="file.encoding.pkg" value="sun.io"/>
    <property name="user.script" value=""/>
    <property name="user.country" value="US"/>
    <property name="sun.java.launcher" value="SUN_STANDARD"/>
    <property name="sun.os.patch.level" value="Service Pack 1"/>
    <property name="java.vm.specification.name" value="Java Virtual Machine Specification"/>
    <property name="user.dir" value="D:\AsterX\Essentials\training00\aster_gittest_x"/>
    <property name="java.runtime.version" value="1.7.0_51-b13"/>
    <property name="java.awt.graphicsenv" value="sun.awt.Win32GraphicsEnvironment"/>
    <property name="basedir" value="D:\AsterX\Essentials\training00\aster_gittest_x"/>
    <property name="java.endorsed.dirs" value="C:\Program Files\Java\jdk1.7.0_51\jre\lib\endorsed"/>
    <property name="os.arch" value="amd64"/>
    <property name="surefire.real.class.path" value="D:\AsterX\Essentials\training00\aster_gittest_x\target\surefire\surefirebooter3492576385373621751.jar"/>
    <property name="java.io.tmpdir" value="C:\Users\sean_h\AppData\Local\Temp\"/>
    <property name="line.separator" value="
"/>
    <property name="java.vm.specification.vendor" value="Oracle Corporation"/>
    <property name="user.variant" value=""/>
    <property name="os.name" value="Windows 7"/>
    <property name="sun.jnu.encoding" value="Cp1252"/>
    <property name="java.library.path" value="C:\Program Files\Java\jdk1.7.0_51\jre\bin;C:\Windows\Sun\Java\bin;C:\Windows\system32;C:\Windows;C:\Windows\system32;C:\Windows;C:\Windows\System32\Wbem;C:\Windows\System32\WindowsPowerShell\v1.0\;C:\Program Files\Microsoft\Web Platform Installer\;C:\Program Files (x86)\Microsoft ASP.NET\ASP.NET Web Pages\v1.0\;C:\Program Files (x86)\Windows Kits\8.0\Windows Performance Toolkit\;C:\Program Files\Microsoft SQL Server\110\Tools\Binn\;C:\Program Files\TortoiseGit\bin;C:\Program Files (x86)\Microsoft SQL Server\110\DTS\Binn\;C:\Program Files (x86)\Microsoft SQL Server\110\Tools\Binn\;C:\Program Files (x86)\Microsoft SQL Server\110\Tools\Binn\ManagementStudio\;C:\Program Files (x86)\Microsoft Visual Studio 10.0\Common7\IDE\PrivateAssemblies\;C:\apache-maven-3.3.1\bin;C:\Program Files\Java\jdk1.7.0_51\\bin;C:\precompile\apache-ant-1.7.1\bin;."/>
    <property name="surefire.test.class.path" value="D:\AsterX\Essentials\training00\aster_gittest_x\target\test-classes;D:\AsterX\Essentials\training00\aster_gittest_x\target\classes;C:\Users\sean_h\.m2\repository\junit\junit\4.10\junit-4.10.jar;C:\Users\sean_h\.m2\repository\org\hamcrest\hamcrest-core\1.1\hamcrest-core-1.1.jar;C:\Users\sean_h\.m2\repository\log4j\log4j\1.2.16\log4j-1.2.16.jar;C:\Users\sean_h\.m2\repository\org\springframework\spring-core\3.2.3.RELEASE\spring-core-3.2.3.RELEASE.jar;C:\Users\sean_h\.m2\repository\commons-logging\commons-logging\1.1.1\commons-logging-1.1.1.jar;C:\Users\sean_h\.m2\repository\org\springframework\spring-context\3.2.3.RELEASE\spring-context-3.2.3.RELEASE.jar;C:\Users\sean_h\.m2\repository\org\springframework\spring-aop\3.2.3.RELEASE\spring-aop-3.2.3.RELEASE.jar;C:\Users\sean_h\.m2\repository\org\springframework\spring-beans\3.2.3.RELEASE\spring-beans-3.2.3.RELEASE.jar;C:\Users\sean_h\.m2\repository\org\springframework\spring-expression\3.2.3.RELEASE\spring-expression-3.2.3.RELEASE.jar;C:\Users\sean_h\.m2\repository\org\springframework\spring-webmvc\3.2.3.RELEASE\spring-webmvc-3.2.3.RELEASE.jar;C:\Users\sean_h\.m2\repository\org\springframework\spring-web\3.2.3.RELEASE\spring-web-3.2.3.RELEASE.jar;C:\Users\sean_h\.m2\repository\aopalliance\aopalliance\1.0\aopalliance-1.0.jar;C:\Users\sean_h\.m2\repository\org\springframework\spring-orm\3.2.3.RELEASE\spring-orm-3.2.3.RELEASE.jar;C:\Users\sean_h\.m2\repository\org\springframework\spring-jdbc\3.2.3.RELEASE\spring-jdbc-3.2.3.RELEASE.jar;C:\Users\sean_h\.m2\repository\org\springframework\spring-tx\3.2.3.RELEASE\spring-tx-3.2.3.RELEASE.jar;C:\Users\sean_h\.m2\repository\org\springframework\spring-test\3.2.3.RELEASE\spring-test-3.2.3.RELEASE.jar;C:\Users\sean_h\.m2\repository\org\hibernate\hibernate-core\4.2.1.Final\hibernate-core-4.2.1.Final.jar;C:\Users\sean_h\.m2\repository\antlr\antlr\2.7.7\antlr-2.7.7.jar;C:\Users\sean_h\.m2\repository\org\jboss\logging\jboss-logging\3.1.0.GA\jboss-logging-3.1.0.GA.jar;C:\Users\sean_h\.m2\repository\dom4j\dom4j\1.6.1\dom4j-1.6.1.jar;C:\Users\sean_h\.m2\repository\org\jboss\spec\javax\transaction\jboss-transaction-api_1.1_spec\1.0.1.Final\jboss-transaction-api_1.1_spec-1.0.1.Final.jar;C:\Users\sean_h\.m2\repository\org\hibernate\javax\persistence\hibernate-jpa-2.0-api\1.0.1.Final\hibernate-jpa-2.0-api-1.0.1.Final.jar;C:\Users\sean_h\.m2\repository\org\javassist\javassist\3.15.0-GA\javassist-3.15.0-GA.jar;C:\Users\sean_h\.m2\repository\org\hibernate\common\hibernate-commons-annotations\4.0.1.Final\hibernate-commons-annotations-4.0.1.Final.jar;C:\Users\sean_h\.m2\repository\org\hibernate\hibernate-entitymanager\4.2.1.Final\hibernate-entitymanager-4.2.1.Final.jar;C:\Users\sean_h\.m2\repository\javassist\javassist\3.12.1.GA\javassist-3.12.1.GA.jar;C:\Users\sean_h\.m2\repository\cglib\cglib\2.2.2\cglib-2.2.2.jar;C:\Users\sean_h\.m2\repository\asm\asm\3.3.1\asm-3.3.1.jar;C:\Users\sean_h\.m2\repository\org\hibernate\hibernate-ehcache\4.2.1.Final\hibernate-ehcache-4.2.1.Final.jar;C:\Users\sean_h\.m2\repository\net\sf\ehcache\ehcache-core\2.4.3\ehcache-core-2.4.3.jar;C:\Users\sean_h\.m2\repository\commons-dbcp\commons-dbcp\1.4\commons-dbcp-1.4.jar;C:\Users\sean_h\.m2\repository\commons-pool\commons-pool\1.5.4\commons-pool-1.5.4.jar;C:\Users\sean_h\.m2\repository\c3p0\c3p0\0.9.1.2\c3p0-0.9.1.2.jar;C:\Users\sean_h\.m2\repository\javax\servlet\servlet-api\2.4\servlet-api-2.4.jar;C:\Users\sean_h\.m2\repository\org\slf4j\slf4j-log4j12\1.6.1\slf4j-log4j12-1.6.1.jar;C:\Users\sean_h\.m2\repository\org\slf4j\slf4j-api\1.6.1\slf4j-api-1.6.1.jar;C:\Users\sean_h\.m2\repository\net\sourceforge\jtds\jtds\1.3.0\jtds-1.3.0.jar;C:\Users\sean_h\.m2\repository\mysql\mysql-connector-java\5.1.18\mysql-connector-java-5.1.18.jar;C:\Users\sean_h\.m2\repository\commons-codec\commons-codec\1.6\commons-codec-1.6.jar;C:\Users\sean_h\.m2\repository\org\mockito\mockito-all\1.9.5\mockito-all-1.9.5.jar;C:\Users\sean_h\.m2\repository\org\apache\cxf\cxf-rt-frontend-jaxrs\3.0.0-milestone1\cxf-rt-frontend-jaxrs-3.0.0-milestone1.jar;C:\Users\sean_h\.m2\repository\org\apache\cxf\cxf-core\3.0.0-milestone1\cxf-core-3.0.0-milestone1.jar;C:\Users\sean_h\.m2\repository\org\codehaus\woodstox\woodstox-core-asl\4.2.0\woodstox-core-asl-4.2.0.jar;C:\Users\sean_h\.m2\repository\org\codehaus\woodstox\stax2-api\3.1.1\stax2-api-3.1.1.jar;C:\Users\sean_h\.m2\repository\org\apache\ws\xmlschema\xmlschema-core\2.0.3\xmlschema-core-2.0.3.jar;C:\Users\sean_h\.m2\repository\javax\ws\rs\javax.ws.rs-api\2.0\javax.ws.rs-api-2.0.jar;C:\Users\sean_h\.m2\repository\javax\annotation\javax.annotation-api\1.2\javax.annotation-api-1.2.jar;C:\Users\sean_h\.m2\repository\org\apache\cxf\cxf-rt-transports-http\3.0.0-milestone1\cxf-rt-transports-http-3.0.0-milestone1.jar;C:\Users\sean_h\.m2\repository\org\apache\cxf\cxf-rt-rs-client\3.0.0-milestone1\cxf-rt-rs-client-3.0.0-milestone1.jar;C:\Users\sean_h\.m2\repository\net\sf\json-lib\json-lib\2.4\json-lib-2.4-jdk15.jar;C:\Users\sean_h\.m2\repository\commons-beanutils\commons-beanutils\1.8.0\commons-beanutils-1.8.0.jar;C:\Users\sean_h\.m2\repository\commons-collections\commons-collections\3.2.1\commons-collections-3.2.1.jar;C:\Users\sean_h\.m2\repository\commons-lang\commons-lang\2.5\commons-lang-2.5.jar;C:\Users\sean_h\.m2\repository\net\sf\ezmorph\ezmorph\1.0.6\ezmorph-1.0.6.jar;C:\Users\sean_h\.m2\repository\org\codehaus\jackson\jackson-core-asl\1.9.11\jackson-core-asl-1.9.11.jar;C:\Users\sean_h\.m2\repository\org\codehaus\jackson\jackson-jaxrs\1.9.11\jackson-jaxrs-1.9.11.jar;C:\Users\sean_h\.m2\repository\org\codehaus\jackson\jackson-mapper-asl\1.9.11\jackson-mapper-asl-1.9.11.jar;C:\Users\sean_h\.m2\repository\org\codehaus\jackson\jackson-xc\1.9.13\jackson-xc-1.9.13.jar;C:\Users\sean_h\.m2\repository\org\json\json\20140107\json-20140107.jar;"/>
    <property name="java.specification.name" value="Java Platform API Specification"/>
    <property name="java.class.version" value="51.0"/>
    <property name="sun.management.compiler" value="HotSpot 64-Bit Tiered Compilers"/>
    <property name="os.version" value="6.1"/>
    <property name="user.home" value="C:\Users\sean_h"/>
    <property name="user.timezone" value="Asia/Bangkok"/>
    <property name="java.awt.printerjob" value="sun.awt.windows.WPrinterJob"/>
    <property name="java.specification.version" value="1.7"/>
    <property name="file.encoding" value="Cp1252"/>
    <property name="user.name" value="Sean_H"/>
    <property name="java.class.path" value="D:\AsterX\Essentials\training00\aster_gittest_x\target\test-classes;D:\AsterX\Essentials\training00\aster_gittest_x\target\classes;C:\Users\sean_h\.m2\repository\junit\junit\4.10\junit-4.10.jar;C:\Users\sean_h\.m2\repository\org\hamcrest\hamcrest-core\1.1\hamcrest-core-1.1.jar;C:\Users\sean_h\.m2\repository\log4j\log4j\1.2.16\log4j-1.2.16.jar;C:\Users\sean_h\.m2\repository\org\springframework\spring-core\3.2.3.RELEASE\spring-core-3.2.3.RELEASE.jar;C:\Users\sean_h\.m2\repository\commons-logging\commons-logging\1.1.1\commons-logging-1.1.1.jar;C:\Users\sean_h\.m2\repository\org\springframework\spring-context\3.2.3.RELEASE\spring-context-3.2.3.RELEASE.jar;C:\Users\sean_h\.m2\repository\org\springframework\spring-aop\3.2.3.RELEASE\spring-aop-3.2.3.RELEASE.jar;C:\Users\sean_h\.m2\repository\org\springframework\spring-beans\3.2.3.RELEASE\spring-beans-3.2.3.RELEASE.jar;C:\Users\sean_h\.m2\repository\org\springframework\spring-expression\3.2.3.RELEASE\spring-expression-3.2.3.RELEASE.jar;C:\Users\sean_h\.m2\repository\org\springframework\spring-webmvc\3.2.3.RELEASE\spring-webmvc-3.2.3.RELEASE.jar;C:\Users\sean_h\.m2\repository\org\springframework\spring-web\3.2.3.RELEASE\spring-web-3.2.3.RELEASE.jar;C:\Users\sean_h\.m2\repository\aopalliance\aopalliance\1.0\aopalliance-1.0.jar;C:\Users\sean_h\.m2\repository\org\springframework\spring-orm\3.2.3.RELEASE\spring-orm-3.2.3.RELEASE.jar;C:\Users\sean_h\.m2\repository\org\springframework\spring-jdbc\3.2.3.RELEASE\spring-jdbc-3.2.3.RELEASE.jar;C:\Users\sean_h\.m2\repository\org\springframework\spring-tx\3.2.3.RELEASE\spring-tx-3.2.3.RELEASE.jar;C:\Users\sean_h\.m2\repository\org\springframework\spring-test\3.2.3.RELEASE\spring-test-3.2.3.RELEASE.jar;C:\Users\sean_h\.m2\repository\org\hibernate\hibernate-core\4.2.1.Final\hibernate-core-4.2.1.Final.jar;C:\Users\sean_h\.m2\repository\antlr\antlr\2.7.7\antlr-2.7.7.jar;C:\Users\sean_h\.m2\repository\org\jboss\logging\jboss-logging\3.1.0.GA\jboss-logging-3.1.0.GA.jar;C:\Users\sean_h\.m2\repository\dom4j\dom4j\1.6.1\dom4j-1.6.1.jar;C:\Users\sean_h\.m2\repository\org\jboss\spec\javax\transaction\jboss-transaction-api_1.1_spec\1.0.1.Final\jboss-transaction-api_1.1_spec-1.0.1.Final.jar;C:\Users\sean_h\.m2\repository\org\hibernate\javax\persistence\hibernate-jpa-2.0-api\1.0.1.Final\hibernate-jpa-2.0-api-1.0.1.Final.jar;C:\Users\sean_h\.m2\repository\org\javassist\javassist\3.15.0-GA\javassist-3.15.0-GA.jar;C:\Users\sean_h\.m2\repository\org\hibernate\common\hibernate-commons-annotations\4.0.1.Final\hibernate-commons-annotations-4.0.1.Final.jar;C:\Users\sean_h\.m2\repository\org\hibernate\hibernate-entitymanager\4.2.1.Final\hibernate-entitymanager-4.2.1.Final.jar;C:\Users\sean_h\.m2\repository\javassist\javassist\3.12.1.GA\javassist-3.12.1.GA.jar;C:\Users\sean_h\.m2\repository\cglib\cglib\2.2.2\cglib-2.2.2.jar;C:\Users\sean_h\.m2\repository\asm\asm\3.3.1\asm-3.3.1.jar;C:\Users\sean_h\.m2\repository\org\hibernate\hibernate-ehcache\4.2.1.Final\hibernate-ehcache-4.2.1.Final.jar;C:\Users\sean_h\.m2\repository\net\sf\ehcache\ehcache-core\2.4.3\ehcache-core-2.4.3.jar;C:\Users\sean_h\.m2\repository\commons-dbcp\commons-dbcp\1.4\commons-dbcp-1.4.jar;C:\Users\sean_h\.m2\repository\commons-pool\commons-pool\1.5.4\commons-pool-1.5.4.jar;C:\Users\sean_h\.m2\repository\c3p0\c3p0\0.9.1.2\c3p0-0.9.1.2.jar;C:\Users\sean_h\.m2\repository\javax\servlet\servlet-api\2.4\servlet-api-2.4.jar;C:\Users\sean_h\.m2\repository\org\slf4j\slf4j-log4j12\1.6.1\slf4j-log4j12-1.6.1.jar;C:\Users\sean_h\.m2\repository\org\slf4j\slf4j-api\1.6.1\slf4j-api-1.6.1.jar;C:\Users\sean_h\.m2\repository\net\sourceforge\jtds\jtds\1.3.0\jtds-1.3.0.jar;C:\Users\sean_h\.m2\repository\mysql\mysql-connector-java\5.1.18\mysql-connector-java-5.1.18.jar;C:\Users\sean_h\.m2\repository\commons-codec\commons-codec\1.6\commons-codec-1.6.jar;C:\Users\sean_h\.m2\repository\org\mockito\mockito-all\1.9.5\mockito-all-1.9.5.jar;C:\Users\sean_h\.m2\repository\org\apache\cxf\cxf-rt-frontend-jaxrs\3.0.0-milestone1\cxf-rt-frontend-jaxrs-3.0.0-milestone1.jar;C:\Users\sean_h\.m2\repository\org\apache\cxf\cxf-core\3.0.0-milestone1\cxf-core-3.0.0-milestone1.jar;C:\Users\sean_h\.m2\repository\org\codehaus\woodstox\woodstox-core-asl\4.2.0\woodstox-core-asl-4.2.0.jar;C:\Users\sean_h\.m2\repository\org\codehaus\woodstox\stax2-api\3.1.1\stax2-api-3.1.1.jar;C:\Users\sean_h\.m2\repository\org\apache\ws\xmlschema\xmlschema-core\2.0.3\xmlschema-core-2.0.3.jar;C:\Users\sean_h\.m2\repository\javax\ws\rs\javax.ws.rs-api\2.0\javax.ws.rs-api-2.0.jar;C:\Users\sean_h\.m2\repository\javax\annotation\javax.annotation-api\1.2\javax.annotation-api-1.2.jar;C:\Users\sean_h\.m2\repository\org\apache\cxf\cxf-rt-transports-http\3.0.0-milestone1\cxf-rt-transports-http-3.0.0-milestone1.jar;C:\Users\sean_h\.m2\repository\org\apache\cxf\cxf-rt-rs-client\3.0.0-milestone1\cxf-rt-rs-client-3.0.0-milestone1.jar;C:\Users\sean_h\.m2\repository\net\sf\json-lib\json-lib\2.4\json-lib-2.4-jdk15.jar;C:\Users\sean_h\.m2\repository\commons-beanutils\commons-beanutils\1.8.0\commons-beanutils-1.8.0.jar;C:\Users\sean_h\.m2\repository\commons-collections\commons-collections\3.2.1\commons-collections-3.2.1.jar;C:\Users\sean_h\.m2\repository\commons-lang\commons-lang\2.5\commons-lang-2.5.jar;C:\Users\sean_h\.m2\repository\net\sf\ezmorph\ezmorph\1.0.6\ezmorph-1.0.6.jar;C:\Users\sean_h\.m2\repository\org\codehaus\jackson\jackson-core-asl\1.9.11\jackson-core-asl-1.9.11.jar;C:\Users\sean_h\.m2\repository\org\codehaus\jackson\jackson-jaxrs\1.9.11\jackson-jaxrs-1.9.11.jar;C:\Users\sean_h\.m2\repository\org\codehaus\jackson\jackson-mapper-asl\1.9.11\jackson-mapper-asl-1.9.11.jar;C:\Users\sean_h\.m2\repository\org\codehaus\jackson\jackson-xc\1.9.13\jackson-xc-1.9.13.jar;C:\Users\sean_h\.m2\repository\org\json\json\20140107\json-20140107.jar;"/>
    <property name="java.vm.specification.version" value="1.7"/>
    <property name="sun.arch.data.model" value="64"/>
    <property name="java.home" value="C:\Program Files\Java\jdk1.7.0_51\jre"/>
    <property name="sun.java.command" value="D:\AsterX\Essentials\training00\aster_gittest_x\target\surefire\surefirebooter3492576385373621751.jar D:\AsterX\Essentials\training00\aster_gittest_x\target\surefire\surefire1433419275110448856tmp D:\AsterX\Essentials\training00\aster_gittest_x\target\surefire\surefire5645927561672542895tmp"/>
    <property name="java.specification.vendor" value="Oracle Corporation"/>
    <property name="user.language" value="en"/>
    <property name="awt.toolkit" value="sun.awt.windows.WToolkit"/>
    <property name="java.vm.info" value="mixed mode"/>
    <property name="java.version" value="1.7.0_51"/>
    <property name="java.ext.dirs" value="C:\Program Files\Java\jdk1.7.0_51\jre\lib\ext;C:\Windows\Sun\Java\lib\ext"/>
    <property name="sun.boot.class.path" value="C:\Program Files\Java\jdk1.7.0_51\jre\lib\resources.jar;C:\Program Files\Java\jdk1.7.0_51\jre\lib\rt.jar;C:\Program Files\Java\jdk1.7.0_51\jre\lib\sunrsasign.jar;C:\Program Files\Java\jdk1.7.0_51\jre\lib\jsse.jar;C:\Program Files\Java\jdk1.7.0_51\jre\lib\jce.jar;C:\Program Files\Java\jdk1.7.0_51\jre\lib\charsets.jar;C:\Program Files\Java\jdk1.7.0_51\jre\lib\jfr.jar;C:\Program Files\Java\jdk1.7.0_51\jre\classes"/>
    <property name="java.vendor" value="Oracle Corporation"/>
    <property name="localRepository" value="C:\Users\sean_h\.m2\repository"/>
    <property name="file.separator" value="\"/>
    <property name="java.vendor.url.bug" value="http://bugreport.sun.com/bugreport/"/>
    <property name="sun.cpu.endian" value="little"/>
    <property name="sun.io.unicode.encoding" value="UnicodeLittle"/>
    <property name="sun.desktop" value="windows"/>
    <property name="sun.cpu.isalist" value="amd64"/>
  </properties>
  <testcase time="8.431" classname="com.mitrais.research.springhibernate.bo.PatientBoTest" name="searchPatientByName"/>
</testsuite>